<?xml version="1.0" encoding="UTF-8"?>
<coverage generated="1540989989005" clover="3.2.0">
  <project timestamp="1540989989005" name="All files">
    <metrics statements="13" coveredstatements="13" conditionals="9" coveredconditionals="8" methods="3" coveredmethods="3" elements="25" coveredelements="24" complexity="0" loc="13" ncloc="13" packages="1" files="3" classes="3">
      <file name="common.js" path="/home/orar/workspace/npmlab/questar-test/src/common.js">
        <metrics statements="1" coveredstatements="1" conditionals="0" coveredconditionals="0" methods="0" coveredmethods="0"/>
        <line num="3" count="1" type="stmt"/>
      </file>
      <file name="index.js" path="/home/orar/workspace/npmlab/questar-test/src/index.js">
        <metrics statements="11" coveredstatements="11" conditionals="9" coveredconditionals="8" methods="3" coveredmethods="3"/>
        <line num="6" count="5" type="stmt"/>
        <line num="12" count="5" type="cond" truecount="4" falsecount="0"/>
        <line num="13" count="1" type="stmt"/>
        <line num="16" count="5" type="stmt"/>
        <line num="17" count="5" type="stmt"/>
        <line num="18" count="5" type="stmt"/>
        <line num="21" count="5" type="stmt"/>
        <line num="22" count="5" type="cond" truecount="4" falsecount="1"/>
        <line num="23" count="5" type="stmt"/>
        <line num="24" count="5" type="stmt"/>
        <line num="26" count="5" type="stmt"/>
      </file>
      <file name="setupTests.js" path="/home/orar/workspace/npmlab/questar-test/src/setupTests.js">
        <metrics statements="1" coveredstatements="1" conditionals="0" coveredconditionals="0" methods="0" coveredmethods="0"/>
        <line num="5" count="1" type="stmt"/>
      </file>
    </metrics>
  </project>
</coverage>
