{"/home/orar/workspace/npmlab/questar-test/src/common.js": {"path":"/home/orar/workspace/npmlab/questar-test/src/common.js","statementMap":{"0":{"start":{"line":3,"column":30},"end":{"line":11,"column":1}}},"fnMap":{},"branchMap":{},"s":{"0":1},"f":{},"b":{},"_coverageSchema":"332fd63041d2c1bcb487cc26dd0d5f7d97098a6c","hash":"87fe45e9f64c37b1e2be8c58f2cc430806594965"}
,"/home/orar/workspace/npmlab/questar-test/src/index.js": {"path":"/home/orar/workspace/npmlab/questar-test/src/index.js","statementMap":{"0":{"start":{"line":6,"column":30},"end":{"line":9,"column":3}},"1":{"start":{"line":12,"column":2},"end":{"line":15,"column":3}},"2":{"start":{"line":14,"column":4},"end":{"line":14,"column":45}},"3":{"start":{"line":17,"column":17},"end":{"line":20,"column":3}},"4":{"start":{"line":18,"column":22},"end":{"line":18,"column":77}},"5":{"start":{"line":19,"column":4},"end":{"line":19,"column":29}},"6":{"start":{"line":22,"column":2},"end":{"line":29,"column":3}},"7":{"start":{"line":23,"column":4},"end":{"line":27,"column":5}},"8":{"start":{"line":25,"column":19},"end":{"line":25,"column":40}},"9":{"start":{"line":26,"column":6},"end":{"line":26,"column":37}},"10":{"start":{"line":28,"column":4},"end":{"line":28,"column":19}}},"fnMap":{"0":{"name":"wrapRequest","decl":{"start":{"line":5,"column":24},"end":{"line":5,"column":35}},"loc":{"start":{"line":5,"column":58},"end":{"line":30,"column":1}},"line":5},"1":{"name":"(anonymous_1)","decl":{"start":{"line":17,"column":17},"end":{"line":17,"column":18}},"loc":{"start":{"line":17,"column":23},"end":{"line":20,"column":3}},"line":17},"2":{"name":"setValue","decl":{"start":{"line":22,"column":18},"end":{"line":22,"column":26}},"loc":{"start":{"line":22,"column":35},"end":{"line":29,"column":3}},"line":22}},"branchMap":{"0":{"loc":{"start":{"line":12,"column":2},"end":{"line":15,"column":3}},"type":"if","locations":[{"start":{"line":12,"column":2},"end":{"line":15,"column":3}},{"start":{"line":12,"column":2},"end":{"line":15,"column":3}}],"line":12},"1":{"loc":{"start":{"line":12,"column":6},"end":{"line":12,"column":54}},"type":"binary-expr","locations":[{"start":{"line":12,"column":6},"end":{"line":12,"column":17}},{"start":{"line":12,"column":21},"end":{"line":12,"column":54}}],"line":12},"2":{"loc":{"start":{"line":23,"column":4},"end":{"line":27,"column":5}},"type":"if","locations":[{"start":{"line":23,"column":4},"end":{"line":27,"column":5}},{"start":{"line":23,"column":4},"end":{"line":27,"column":5}}],"line":23},"3":{"loc":{"start":{"line":23,"column":8},"end":{"line":23,"column":56}},"type":"binary-expr","locations":[{"start":{"line":23,"column":8},"end":{"line":23,"column":13}},{"start":{"line":23,"column":17},"end":{"line":23,"column":44}},{"start":{"line":23,"column":48},"end":{"line":23,"column":56}}],"line":23}},"s":{"0":5,"1":5,"2":1,"3":5,"4":5,"5":5,"6":5,"7":5,"8":5,"9":5,"10":5},"f":{"0":5,"1":5,"2":5},"b":{"0":[1,4],"1":[5,1],"2":[5,0],"3":[5,5,5]},"_coverageSchema":"332fd63041d2c1bcb487cc26dd0d5f7d97098a6c","hash":"51c0a9d8d8ca66dbceef2356ecbbf78e7bfa524a"}
,"/home/orar/workspace/npmlab/questar-test/src/setupTests.js": {"path":"/home/orar/workspace/npmlab/questar-test/src/setupTests.js","statementMap":{"0":{"start":{"line":5,"column":0},"end":{"line":5,"column":38}}},"fnMap":{},"branchMap":{},"s":{"0":1},"f":{},"b":{},"_coverageSchema":"332fd63041d2c1bcb487cc26dd0d5f7d97098a6c","hash":"d71cf78be7820441f3a269bc27c5b0c0a5d6fcc3"}
}
