TN:
SF:/home/orar/workspace/npmlab/questar-test/src/common.js
FNF:0
FNH:0
DA:3,1
LF:1
LH:1
BRF:0
BRH:0
end_of_record
TN:
SF:/home/orar/workspace/npmlab/questar-test/src/index.js
FN:5,wrapRequest
FN:16,(anonymous_1)
FN:21,setValue
FNF:3
FNH:3
FNDA:5,wrapRequest
FNDA:5,(anonymous_1)
FNDA:5,setValue
DA:6,5
DA:12,5
DA:13,1
DA:16,5
DA:17,5
DA:18,5
DA:21,5
DA:22,5
DA:23,5
DA:24,5
DA:26,5
LF:11
LH:11
BRDA:12,0,0,1
BRDA:12,0,1,4
BRDA:12,1,0,5
BRDA:12,1,1,1
BRDA:22,2,0,5
BRDA:22,2,1,0
BRDA:22,3,0,5
BRDA:22,3,1,5
BRDA:22,3,2,5
BRF:9
BRH:8
end_of_record
TN:
SF:/home/orar/workspace/npmlab/questar-test/src/setupTests.js
FNF:0
FNH:0
DA:5,1
LF:1
LH:1
BRF:0
BRH:0
end_of_record
